This is pdfTeX, Version 3.141592653-2.6-1.40.26 (TeX Live 2024) (preloaded format=pdflatex 2024.12.17)  3 APR 2025 00:01
entering extended mode
 restricted \write18 enabled.
 file:line:error style messages enabled.
 %&-line parsing enabled.
**Zanusso_TANS.tex
(./Zanusso_TANS.tex
LaTeX2e <2023-11-01> patch level 1
L3 programming layer <2024-02-20>
(/usr/local/texlive/2024/texmf-dist/tex/latex/base/article.cls
Document Class: article 2023/05/17 v1.4n Standard LaTeX document class
(/usr/local/texlive/2024/texmf-dist/tex/latex/base/size10.clo
File: size10.clo 2023/05/17 v1.4n Standard LaTeX file (size option)
)
\c@part=\count188
\c@section=\count189
\c@subsection=\count190
\c@subsubsection=\count191
\c@paragraph=\count192
\c@subparagraph=\count193
\c@figure=\count194
\c@table=\count195
\abovecaptionskip=\skip48
\belowcaptionskip=\skip49
\bibindent=\dimen140
)
(/usr/local/texlive/2024/texmf-dist/tex/latex/graphics/graphicx.sty
Package: graphicx 2021/09/16 v1.2d Enhanced LaTeX Graphics (DPC,SPQR)

(/usr/local/texlive/2024/texmf-dist/tex/latex/graphics/keyval.sty
Package: keyval 2022/05/29 v1.15 key=value parser (DPC)
\KV@toks@=\toks17
)
(/usr/local/texlive/2024/texmf-dist/tex/latex/graphics/graphics.sty
Package: graphics 2022/03/10 v1.4e Standard LaTeX Graphics (DPC,SPQR)

(/usr/local/texlive/2024/texmf-dist/tex/latex/graphics/trig.sty
Package: trig 2021/08/11 v1.11 sin cos tan (DPC)
)
(/usr/local/texlive/2024/texmf-dist/tex/latex/graphics-cfg/graphics.cfg
File: graphics.cfg 2016/06/04 v1.11 sample graphics configuration
)
Package graphics Info: Driver file: pdftex.def on input line 107.

(/usr/local/texlive/2024/texmf-dist/tex/latex/graphics-def/pdftex.def
File: pdftex.def 2022/09/22 v1.2b Graphics/color driver for pdftex
))
\Gin@req@height=\dimen141
\Gin@req@width=\dimen142
)
(/usr/local/texlive/2024/texmf-dist/tex/latex/float/float.sty
Package: float 2001/11/08 v1.3d Float enhancements (AL)
\c@float@type=\count196
\float@exts=\toks18
\float@box=\box51
\@float@everytoks=\toks19
\@floatcapt=\box52
)
(/usr/local/texlive/2024/texmf-dist/tex/latex/subfigure/subfigure.sty
Package: subfigure 2002/03/15 v2.1.5 subfigure package
\subfigtopskip=\skip50
\subfigcapskip=\skip51
\subfigcaptopadj=\dimen143
\subfigbottomskip=\skip52
\subfigcapmargin=\dimen144
\subfiglabelskip=\skip53
\c@subfigure=\count197
\c@lofdepth=\count198
\c@subtable=\count199
\c@lotdepth=\count266

****************************************
* Local config file subfigure.cfg used *
****************************************
(/usr/local/texlive/2024/texmf-dist/tex/latex/subfigure/subfigure.cfg)
\subfig@top=\skip54
\subfig@bottom=\skip55
)
(/usr/local/texlive/2024/texmf-dist/tex/latex/caption/subcaption.sty
Package: subcaption 2023/07/28 v1.6b Sub-captions (AR)

(/usr/local/texlive/2024/texmf-dist/tex/latex/caption/caption.sty
Package: caption 2023/08/05 v3.6o Customizing captions (AR)

(/usr/local/texlive/2024/texmf-dist/tex/latex/caption/caption3.sty
Package: caption3 2023/07/31 v2.4d caption3 kernel (AR)
\caption@tempdima=\dimen145
\captionmargin=\dimen146
\caption@leftmargin=\dimen147
\caption@rightmargin=\dimen148
\caption@width=\dimen149
\caption@indent=\dimen150
\caption@parindent=\dimen151
\caption@hangindent=\dimen152
Package caption Info: Standard document class detected.
)
\c@caption@flags=\count267
\c@continuedfloat=\count268
Package caption Info: float package is loaded.
Package caption Info: subfigure package is loaded.
)
LaTeX Info: Redefining \subref on input line 189.
Package subcaption Info: The counter `subfigure' was already defined by
(subcaption)             an unknown document class or package on input line 238
.
Package subcaption Info: The counter `subtable' was already defined by
(subcaption)             an unknown document class or package on input line 238
.
)
(/usr/local/texlive/2024/texmf-dist/tex/latex/fancyhdr/fancyhdr.sty
Package: fancyhdr 2022/11/09 v4.1 Extensive control of page headers and footers

\f@nch@headwidth=\skip56
\f@nch@O@elh=\skip57
\f@nch@O@erh=\skip58
\f@nch@O@olh=\skip59
\f@nch@O@orh=\skip60
\f@nch@O@elf=\skip61
\f@nch@O@erf=\skip62
\f@nch@O@olf=\skip63
\f@nch@O@orf=\skip64
)
(/usr/local/texlive/2024/texmf-dist/tex/latex/hyperref/hyperref.sty
Package: hyperref 2024-01-20 v7.01h Hypertext links for LaTeX

(/usr/local/texlive/2024/texmf-dist/tex/generic/iftex/iftex.sty
Package: iftex 2022/02/03 v1.0f TeX engine tests
)
(/usr/local/texlive/2024/texmf-dist/tex/latex/kvsetkeys/kvsetkeys.sty
Package: kvsetkeys 2022-10-05 v1.19 Key value parser (HO)
)
(/usr/local/texlive/2024/texmf-dist/tex/generic/kvdefinekeys/kvdefinekeys.sty
Package: kvdefinekeys 2019-12-19 v1.6 Define keys (HO)
)
(/usr/local/texlive/2024/texmf-dist/tex/generic/pdfescape/pdfescape.sty
Package: pdfescape 2019/12/09 v1.15 Implements pdfTeX's escape features (HO)

(/usr/local/texlive/2024/texmf-dist/tex/generic/ltxcmds/ltxcmds.sty
Package: ltxcmds 2023-12-04 v1.26 LaTeX kernel commands for general use (HO)
)
(/usr/local/texlive/2024/texmf-dist/tex/generic/pdftexcmds/pdftexcmds.sty
Package: pdftexcmds 2020-06-27 v0.33 Utility functions of pdfTeX for LuaTeX (HO
)

(/usr/local/texlive/2024/texmf-dist/tex/generic/infwarerr/infwarerr.sty
Package: infwarerr 2019/12/03 v1.5 Providing info/warning/error messages (HO)
)
Package pdftexcmds Info: \pdf@primitive is available.
Package pdftexcmds Info: \pdf@ifprimitive is available.
Package pdftexcmds Info: \pdfdraftmode found.
))
(/usr/local/texlive/2024/texmf-dist/tex/latex/hycolor/hycolor.sty
Package: hycolor 2020-01-27 v1.10 Color options for hyperref/bookmark (HO)
)
(/usr/local/texlive/2024/texmf-dist/tex/latex/auxhook/auxhook.sty
Package: auxhook 2019-12-17 v1.6 Hooks for auxiliary files (HO)
)
(/usr/local/texlive/2024/texmf-dist/tex/latex/hyperref/nameref.sty
Package: nameref 2023-11-26 v2.56 Cross-referencing by name of section

(/usr/local/texlive/2024/texmf-dist/tex/latex/refcount/refcount.sty
Package: refcount 2019/12/15 v3.6 Data extraction from label references (HO)
)
(/usr/local/texlive/2024/texmf-dist/tex/generic/gettitlestring/gettitlestring.s
ty
Package: gettitlestring 2019/12/15 v1.6 Cleanup title references (HO)
 (/usr/local/texlive/2024/texmf-dist/tex/latex/kvoptions/kvoptions.sty
Package: kvoptions 2022-06-15 v3.15 Key value format for package options (HO)
))
\c@section@level=\count269
)
(/usr/local/texlive/2024/texmf-dist/tex/latex/etoolbox/etoolbox.sty
Package: etoolbox 2020/10/05 v2.5k e-TeX tools for LaTeX (JAW)
\etb@tempcnta=\count270
)
\@linkdim=\dimen153
\Hy@linkcounter=\count271
\Hy@pagecounter=\count272

(/usr/local/texlive/2024/texmf-dist/tex/latex/hyperref/pd1enc.def
File: pd1enc.def 2024-01-20 v7.01h Hyperref: PDFDocEncoding definition (HO)
Now handling font encoding PD1 ...
... no UTF-8 mapping file for font encoding PD1
)
(/usr/local/texlive/2024/texmf-dist/tex/generic/intcalc/intcalc.sty
Package: intcalc 2019/12/15 v1.3 Expandable calculations with integers (HO)
)
\Hy@SavedSpaceFactor=\count273

(/usr/local/texlive/2024/texmf-dist/tex/latex/hyperref/puenc.def
File: puenc.def 2024-01-20 v7.01h Hyperref: PDF Unicode definition (HO)
Now handling font encoding PU ...
... no UTF-8 mapping file for font encoding PU
)
Package hyperref Info: Hyper figures OFF on input line 4179.
Package hyperref Info: Link nesting OFF on input line 4184.
Package hyperref Info: Hyper index ON on input line 4187.
Package hyperref Info: Plain pages OFF on input line 4194.
Package hyperref Info: Backreferencing OFF on input line 4199.
Package hyperref Info: Implicit mode ON; LaTeX internals redefined.
Package hyperref Info: Bookmarks ON on input line 4446.
\c@Hy@tempcnt=\count274

(/usr/local/texlive/2024/texmf-dist/tex/latex/url/url.sty
\Urlmuskip=\muskip16
Package: url 2013/09/16  ver 3.4  Verb mode for urls, etc.
)
LaTeX Info: Redefining \url on input line 4784.
\XeTeXLinkMargin=\dimen154

(/usr/local/texlive/2024/texmf-dist/tex/generic/bitset/bitset.sty
Package: bitset 2019/12/09 v1.3 Handle bit-vector datatype (HO)

(/usr/local/texlive/2024/texmf-dist/tex/generic/bigintcalc/bigintcalc.sty
Package: bigintcalc 2019/12/15 v1.5 Expandable calculations on big integers (HO
)
))
\Fld@menulength=\count275
\Field@Width=\dimen155
\Fld@charsize=\dimen156
Package hyperref Info: Hyper figures OFF on input line 6063.
Package hyperref Info: Link nesting OFF on input line 6068.
Package hyperref Info: Hyper index ON on input line 6071.
Package hyperref Info: backreferencing OFF on input line 6078.
Package hyperref Info: Link coloring OFF on input line 6083.
Package hyperref Info: Link coloring with OCG OFF on input line 6088.
Package hyperref Info: PDF/A mode OFF on input line 6093.

(/usr/local/texlive/2024/texmf-dist/tex/latex/base/atbegshi-ltx.sty
Package: atbegshi-ltx 2021/01/10 v1.0c Emulation of the original atbegshi
package with kernel methods
)
\Hy@abspage=\count276
\c@Item=\count277
\c@Hfootnote=\count278
)
Package hyperref Info: Driver (autodetected): hpdftex.

(/usr/local/texlive/2024/texmf-dist/tex/latex/hyperref/hpdftex.def
File: hpdftex.def 2024-01-20 v7.01h Hyperref driver for pdfTeX

(/usr/local/texlive/2024/texmf-dist/tex/latex/base/atveryend-ltx.sty
Package: atveryend-ltx 2020/08/19 v1.0a Emulation of the original atveryend pac
kage
with kernel methods
)
\Fld@listcount=\count279
\c@bookmark@seq@number=\count280

(/usr/local/texlive/2024/texmf-dist/tex/latex/rerunfilecheck/rerunfilecheck.sty
Package: rerunfilecheck 2022-07-10 v1.10 Rerun checks for auxiliary files (HO)

(/usr/local/texlive/2024/texmf-dist/tex/generic/uniquecounter/uniquecounter.sty
Package: uniquecounter 2019/12/15 v1.4 Provide unlimited unique counter (HO)
)
Package uniquecounter Info: New unique counter `rerunfilecheck' on input line 2
85.
)
\Hy@SectionHShift=\skip65
) (/usr/local/texlive/2024/texmf-dist/tex/latex/amsfonts/amssymb.sty
Package: amssymb 2013/01/14 v3.01 AMS font symbols

(/usr/local/texlive/2024/texmf-dist/tex/latex/amsfonts/amsfonts.sty
Package: amsfonts 2013/01/14 v3.01 Basic AMSFonts support
\@emptytoks=\toks20
\symAMSa=\mathgroup4
\symAMSb=\mathgroup5
LaTeX Font Info:    Redeclaring math symbol \hbar on input line 98.
LaTeX Font Info:    Overwriting math alphabet `\mathfrak' in version `bold'
(Font)                  U/euf/m/n --> U/euf/b/n on input line 106.
))
(/usr/local/texlive/2024/texmf-dist/tex/latex/amsmath/amsmath.sty
Package: amsmath 2023/05/13 v2.17o AMS math features
\@mathmargin=\skip66

For additional information on amsmath, use the `?' option.
(/usr/local/texlive/2024/texmf-dist/tex/latex/amsmath/amstext.sty
Package: amstext 2021/08/26 v2.01 AMS text

(/usr/local/texlive/2024/texmf-dist/tex/latex/amsmath/amsgen.sty
File: amsgen.sty 1999/11/30 v2.0 generic functions
\@emptytoks=\toks21
\ex@=\dimen157
))
(/usr/local/texlive/2024/texmf-dist/tex/latex/amsmath/amsbsy.sty
Package: amsbsy 1999/11/29 v1.2d Bold Symbols
\pmbraise@=\dimen158
)
(/usr/local/texlive/2024/texmf-dist/tex/latex/amsmath/amsopn.sty
Package: amsopn 2022/04/08 v2.04 operator names
)
\inf@bad=\count281
LaTeX Info: Redefining \frac on input line 234.
\uproot@=\count282
\leftroot@=\count283
LaTeX Info: Redefining \overline on input line 399.
LaTeX Info: Redefining \colon on input line 410.
\classnum@=\count284
\DOTSCASE@=\count285
LaTeX Info: Redefining \ldots on input line 496.
LaTeX Info: Redefining \dots on input line 499.
LaTeX Info: Redefining \cdots on input line 620.
\Mathstrutbox@=\box53
\strutbox@=\box54
LaTeX Info: Redefining \big on input line 722.
LaTeX Info: Redefining \Big on input line 723.
LaTeX Info: Redefining \bigg on input line 724.
LaTeX Info: Redefining \Bigg on input line 725.
\big@size=\dimen159
LaTeX Font Info:    Redeclaring font encoding OML on input line 743.
LaTeX Font Info:    Redeclaring font encoding OMS on input line 744.
\macc@depth=\count286
LaTeX Info: Redefining \bmod on input line 905.
LaTeX Info: Redefining \pmod on input line 910.
LaTeX Info: Redefining \smash on input line 940.
LaTeX Info: Redefining \relbar on input line 970.
LaTeX Info: Redefining \Relbar on input line 971.
\c@MaxMatrixCols=\count287
\dotsspace@=\muskip17
\c@parentequation=\count288
\dspbrk@lvl=\count289
\tag@help=\toks22
\row@=\count290
\column@=\count291
\maxfields@=\count292
\andhelp@=\toks23
\eqnshift@=\dimen160
\alignsep@=\dimen161
\tagshift@=\dimen162
\tagwidth@=\dimen163
\totwidth@=\dimen164
\lineht@=\dimen165
\@envbody=\toks24
\multlinegap=\skip67
\multlinetaggap=\skip68
\mathdisplay@stack=\toks25
LaTeX Info: Redefining \[ on input line 2953.
LaTeX Info: Redefining \] on input line 2954.
)
(/usr/local/texlive/2024/texmf-dist/tex/latex/l3backend/l3backend-pdftex.def
File: l3backend-pdftex.def 2024-02-20 L3 backend support: PDF output (pdfTeX)
\l__color_backend_stack_int=\count293
\l__pdf_internal_box=\box55
)
(./Zanusso_TANS.aux

LaTeX Warning: Label `fig:foobar' multiply defined.


LaTeX Warning: Label `fig:foobar' multiply defined.


LaTeX Warning: Label `fig:foobar' multiply defined.


LaTeX Warning: Label `fig:foobar' multiply defined.

)
\openout1 = `Zanusso_TANS.aux'.

LaTeX Font Info:    Checking defaults for OML/cmm/m/it on input line 20.
LaTeX Font Info:    ... okay on input line 20.
LaTeX Font Info:    Checking defaults for OMS/cmsy/m/n on input line 20.
LaTeX Font Info:    ... okay on input line 20.
LaTeX Font Info:    Checking defaults for OT1/cmr/m/n on input line 20.
LaTeX Font Info:    ... okay on input line 20.
LaTeX Font Info:    Checking defaults for T1/cmr/m/n on input line 20.
LaTeX Font Info:    ... okay on input line 20.
LaTeX Font Info:    Checking defaults for TS1/cmr/m/n on input line 20.
LaTeX Font Info:    ... okay on input line 20.
LaTeX Font Info:    Checking defaults for OMX/cmex/m/n on input line 20.
LaTeX Font Info:    ... okay on input line 20.
LaTeX Font Info:    Checking defaults for U/cmr/m/n on input line 20.
LaTeX Font Info:    ... okay on input line 20.
LaTeX Font Info:    Checking defaults for PD1/pdf/m/n on input line 20.
LaTeX Font Info:    ... okay on input line 20.
LaTeX Font Info:    Checking defaults for PU/pdf/m/n on input line 20.
LaTeX Font Info:    ... okay on input line 20.
 (/usr/local/texlive/2024/texmf-dist/tex/context/base/mkii/supp-pdf.mkii
[Loading MPS to PDF converter (version 2006.09.02).]
\scratchcounter=\count294
\scratchdimen=\dimen166
\scratchbox=\box56
\nofMPsegments=\count295
\nofMParguments=\count296
\everyMPshowfont=\toks26
\MPscratchCnt=\count297
\MPscratchDim=\dimen167
\MPnumerator=\count298
\makeMPintoPDFobject=\count299
\everyMPtoPDFconversion=\toks27
) (/usr/local/texlive/2024/texmf-dist/tex/latex/epstopdf-pkg/epstopdf-base.sty
Package: epstopdf-base 2020-01-24 v2.11 Base part for package epstopdf

(/usr/local/texlive/2024/texmf-dist/tex/latex/grfext/grfext.sty
Package: grfext 2019/12/03 v1.3 Manage graphics extensions (HO)
)
Package epstopdf-base Info: Redefining graphics rule for `.eps' on input line 4
85.
Package grfext Info: Graphics extension search list:
(grfext)             [.pdf,.png,.jpg,.mps,.jpeg,.jbig2,.jb2,.PDF,.PNG,.JPG,.JPE
G,.JBIG2,.JB2,.eps]
(grfext)             \AppendGraphicsExtensions on input line 504.

(/usr/local/texlive/2024/texmf-dist/tex/latex/latexconfig/epstopdf-sys.cfg
File: epstopdf-sys.cfg 2010/07/13 v1.3 Configuration of (r)epstopdf for TeX Liv
e
))
Package caption Info: Begin \AtBeginDocument code.
Package caption Info: hyperref package is loaded.
Package caption Info: End \AtBeginDocument code.
Package hyperref Info: Link coloring OFF on input line 20.

(./Zanusso_TANS.out) (./Zanusso_TANS.out)
\@outlinefile=\write3
\openout3 = `Zanusso_TANS.out'.

LaTeX Font Info:    Trying to load font information for U+msa on input line 22.


(/usr/local/texlive/2024/texmf-dist/tex/latex/amsfonts/umsa.fd
File: umsa.fd 2013/01/14 v3.01 AMS symbols A
)
LaTeX Font Info:    Trying to load font information for U+msb on input line 22.


(/usr/local/texlive/2024/texmf-dist/tex/latex/amsfonts/umsb.fd
File: umsb.fd 2013/01/14 v3.01 AMS symbols B
)
(./Zanusso_TANS.toc)
\tf@toc=\write4
\openout4 = `Zanusso_TANS.toc'.

 [1

{/usr/local/texlive/2024/texmf-var/fonts/map/pdftex/updmap/pdftex.map}]
Overfull \hbox (0.69566pt too wide) in paragraph at lines 31--32
[]\OT1/cmr/bx/n/10 work[]TANS\OT1/cmr/m/n/10 : cus-todisce il cuore della con-s
egna, os-sia le macro per avviare
 []


Overfull \hbox (3.63916pt too wide) in paragraph at lines 50--51
[]\OT1/cmr/bx/n/10 dLayer\OT1/cmr/m/n/10 : classe che im-ple-menta il con-cetto
 di de-tec-tor di rag-gio r, lunghezza
 []

[2{/usr/local/texlive/2024/texmf-dist/fonts/enc/dvips/cm-super/cm-super-ts1.enc
}] [3]
<images/S_x_tot.pdf, id=117, 569.12625pt x 387.4475pt>
File: images/S_x_tot.pdf Graphic file (type pdf)
<use images/S_x_tot.pdf>
Package pdftex.def Info: images/S_x_tot.pdf  used on input line 96.
(pdftex.def)             Requested size: 103.50105pt x 70.45879pt.
<images/S_y_tot.pdf, id=118, 569.12625pt x 387.4475pt>
File: images/S_y_tot.pdf Graphic file (type pdf)
<use images/S_y_tot.pdf>
Package pdftex.def Info: images/S_y_tot.pdf  used on input line 97.
(pdftex.def)             Requested size: 103.50105pt x 70.45879pt.
<images/S_z_tot.pdf, id=119, 569.12625pt x 387.4475pt>
File: images/S_z_tot.pdf Graphic file (type pdf)
<use images/S_z_tot.pdf>
Package pdftex.def Info: images/S_z_tot.pdf  used on input line 98.
(pdftex.def)             Requested size: 103.50105pt x 70.45879pt.
<images/S_layers.pdf, id=120, 569.12625pt x 387.4475pt>
File: images/S_layers.pdf Graphic file (type pdf)
<use images/S_layers.pdf>
Package pdftex.def Info: images/S_layers.pdf  used on input line 99.
(pdftex.def)             Requested size: 189.75105pt x 129.17644pt.
<images/S_z_true.pdf, id=121, 569.12625pt x 387.4475pt>
File: images/S_z_true.pdf Graphic file (type pdf)
<use images/S_z_true.pdf>
Package pdftex.def Info: images/S_z_true.pdf  used on input line 110.
(pdftex.def)             Requested size: 155.24895pt x 105.68819pt.
<images/S_mult.pdf, id=122, 569.12625pt x 387.4475pt>
File: images/S_mult.pdf Graphic file (type pdf)
<use images/S_mult.pdf>
Package pdftex.def Info: images/S_mult.pdf  used on input line 111.
(pdftex.def)             Requested size: 155.24895pt x 105.68819pt.
 [4 <./images/S_x_tot.pdf, page is rotated 90 degrees> <./images/S_y_tot.pdf, p
age is rotated 90 degrees> <./images/S_z_tot.pdf, page is rotated 90 degrees> <
./images/S_layers.pdf, page is rotated 90 degrees>]
<images/D_x_tot.pdf, id=306, 569.12625pt x 387.4475pt>
File: images/D_x_tot.pdf Graphic file (type pdf)
<use images/D_x_tot.pdf>
Package pdftex.def Info: images/D_x_tot.pdf  used on input line 124.
(pdftex.def)             Requested size: 103.50105pt x 70.45879pt.
<images/D_y_tot.pdf, id=307, 569.12625pt x 387.4475pt>
File: images/D_y_tot.pdf Graphic file (type pdf)
<use images/D_y_tot.pdf>
Package pdftex.def Info: images/D_y_tot.pdf  used on input line 125.
(pdftex.def)             Requested size: 103.50105pt x 70.45879pt.
<images/D_z_tot.pdf, id=308, 569.12625pt x 387.4475pt>
File: images/D_z_tot.pdf Graphic file (type pdf)
<use images/D_z_tot.pdf>
Package pdftex.def Info: images/D_z_tot.pdf  used on input line 126.
(pdftex.def)             Requested size: 103.50105pt x 70.45879pt.
<images/D_layers.pdf, id=309, 569.12625pt x 387.4475pt>
File: images/D_layers.pdf Graphic file (type pdf)
<use images/D_layers.pdf>
Package pdftex.def Info: images/D_layers.pdf  used on input line 127.
(pdftex.def)             Requested size: 189.75105pt x 129.17644pt.
 [5 <./images/S_z_true.pdf, page is rotated 90 degrees> <./images/S_mult.pdf, p
age is rotated 90 degrees>]
<images/R_z_rec.pdf, id=403, 569.12625pt x 387.4475pt>
File: images/R_z_rec.pdf Graphic file (type pdf)
<use images/R_z_rec.pdf>
Package pdftex.def Info: images/R_z_rec.pdf  used on input line 140.
(pdftex.def)             Requested size: 189.75105pt x 129.17644pt.
 [6 <./images/D_x_tot.pdf, page is rotated 90 degrees> <./images/D_y_tot.pdf, p
age is rotated 90 degrees> <./images/D_z_tot.pdf, page is rotated 90 degrees> <
./images/D_layers.pdf, page is rotated 90 degrees>]

Package hyperref Warning: Token not allowed in a PDF string (Unicode):
(hyperref)                removing `math shift' on input line 143.


Package hyperref Warning: Token not allowed in a PDF string (Unicode):
(hyperref)                removing `subscript' on input line 143.


Package hyperref Warning: Token not allowed in a PDF string (Unicode):
(hyperref)                removing `math shift' on input line 143.


Package hyperref Warning: Token not allowed in a PDF string (Unicode):
(hyperref)                removing `math shift' on input line 143.


Package hyperref Warning: Token not allowed in a PDF string (Unicode):
(hyperref)                removing `subscript' on input line 143.


Package hyperref Warning: Token not allowed in a PDF string (Unicode):
(hyperref)                removing `math shift' on input line 143.

<images/res_dz.pdf, id=586, 569.12625pt x 387.4475pt>
File: images/res_dz.pdf Graphic file (type pdf)
<use images/res_dz.pdf>
Package pdftex.def Info: images/res_dz.pdf  used on input line 146.
(pdftex.def)             Requested size: 224.2479pt x 152.66467pt.
<images/3D_ev.pdf, id=587, 489.83pt x 645.41125pt>
File: images/3D_ev.pdf Graphic file (type pdf)
<use images/3D_ev.pdf>
Package pdftex.def Info: images/3D_ev.pdf  used on input line 157.
(pdftex.def)             Requested size: 137.9979pt x 181.82675pt.
<images/sec_3D_ev.pdf, id=588, 489.83pt x 645.41125pt>
File: images/sec_3D_ev.pdf Graphic file (type pdf)
<use images/sec_3D_ev.pdf>
Package pdftex.def Info: images/sec_3D_ev.pdf  used on input line 158.
(pdftex.def)             Requested size: 137.9979pt x 181.82675pt.
[7 <./images/R_z_rec.pdf, page is rotated 90 degrees> <./images/res_dz.pdf, pag
e is rotated 90 degrees>]
<images/5.pdf, id=683, 569.12625pt x 387.4475pt>
File: images/5.pdf Graphic file (type pdf)
<use images/5.pdf>
Package pdftex.def Info: images/5.pdf  used on input line 174.
(pdftex.def)             Requested size: 137.9979pt x 93.94704pt.
<images/8.pdf, id=684, 569.12625pt x 387.4475pt>
File: images/8.pdf Graphic file (type pdf)
<use images/8.pdf>
Package pdftex.def Info: images/8.pdf  used on input line 175.
(pdftex.def)             Requested size: 137.9979pt x 93.94704pt.
<images/10.pdf, id=685, 569.12625pt x 387.4475pt>
File: images/10.pdf Graphic file (type pdf)
<use images/10.pdf>
Package pdftex.def Info: images/10.pdf  used on input line 176.
(pdftex.def)             Requested size: 137.9979pt x 93.94704pt.
<images/15.pdf, id=686, 569.12625pt x 387.4475pt>
File: images/15.pdf Graphic file (type pdf)
<use images/15.pdf>
Package pdftex.def Info: images/15.pdf  used on input line 177.
(pdftex.def)             Requested size: 137.9979pt x 93.94704pt.
<images/30.pdf, id=687, 569.12625pt x 387.4475pt>
File: images/30.pdf Graphic file (type pdf)
<use images/30.pdf>
Package pdftex.def Info: images/30.pdf  used on input line 178.
(pdftex.def)             Requested size: 137.9979pt x 93.94704pt.
<images/40.pdf, id=688, 569.12625pt x 387.4475pt>
File: images/40.pdf Graphic file (type pdf)
<use images/40.pdf>
Package pdftex.def Info: images/40.pdf  used on input line 179.
(pdftex.def)             Requested size: 137.9979pt x 93.94704pt.
<images/50.pdf, id=689, 569.12625pt x 387.4475pt>
File: images/50.pdf Graphic file (type pdf)
<use images/50.pdf>
Package pdftex.def Info: images/50.pdf  used on input line 180.
(pdftex.def)             Requested size: 137.9979pt x 93.94704pt.
 [8 <./images/3D_ev.pdf> <./images/sec_3D_ev.pdf>]
Overfull \hbox (4.35255pt too wide) in paragraph at lines 184--185
\OT1/cmr/m/n/10 gaus-siana, diminuisca all'aumentare del val-ore di molteplicit
^^Ra se-lezion-ato. Questo
 []

[9 <./images/5.pdf, page is rotated 90 degrees> <./images/8.pdf, page is rotate
d 90 degrees> <./images/10.pdf, page is rotated 90 degrees> <./images/15.pdf, p
age is rotated 90 degrees> <./images/30.pdf, page is rotated 90 degrees> <./ima
ges/40.pdf, page is rotated 90 degrees> <./images/50.pdf, page is rotated 90 de
grees>]
<images/ris_vs_mul.pdf, id=1120, 569.12625pt x 387.4475pt>
File: images/ris_vs_mul.pdf Graphic file (type pdf)
<use images/ris_vs_mul.pdf>
Package pdftex.def Info: images/ris_vs_mul.pdf  used on input line 190.
(pdftex.def)             Requested size: 189.75105pt x 129.17644pt.


Package hyperref Warning: Token not allowed in a PDF string (Unicode):
(hyperref)                removing `math shift' on input line 195.


Package hyperref Warning: Token not allowed in a PDF string (Unicode):
(hyperref)                removing `subscript' on input line 195.


Package hyperref Warning: Token not allowed in a PDF string (Unicode):
(hyperref)                removing `math shift' on input line 195.

<images/ris_vs_Z.pdf, id=1121, 569.12625pt x 387.4475pt>
File: images/ris_vs_Z.pdf Graphic file (type pdf)
<use images/ris_vs_Z.pdf>
Package pdftex.def Info: images/ris_vs_Z.pdf  used on input line 199.
(pdftex.def)             Requested size: 189.75105pt x 129.17644pt.
<images/eff_vs_mul.pdf, id=1122, 569.12625pt x 387.4475pt>
File: images/eff_vs_mul.pdf Graphic file (type pdf)
<use images/eff_vs_mul.pdf>
Package pdftex.def Info: images/eff_vs_mul.pdf  used on input line 212.
(pdftex.def)             Requested size: 189.75105pt x 129.17644pt.
[10 <./images/ris_vs_mul.pdf, page is rotated 90 degrees> <./images/ris_vs_Z.pd
f, page is rotated 90 degrees>]

Package hyperref Warning: Token not allowed in a PDF string (Unicode):
(hyperref)                removing `math shift' on input line 217.


Package hyperref Warning: Token not allowed in a PDF string (Unicode):
(hyperref)                removing `subscript' on input line 217.


Package hyperref Warning: Token not allowed in a PDF string (Unicode):
(hyperref)                removing `math shift' on input line 217.

<images/eff_vs_Z.pdf, id=1215, 569.12625pt x 387.4475pt>
File: images/eff_vs_Z.pdf Graphic file (type pdf)
<use images/eff_vs_Z.pdf>
Package pdftex.def Info: images/eff_vs_Z.pdf  used on input line 221.
(pdftex.def)             Requested size: 189.75105pt x 129.17644pt.
[11 <./images/eff_vs_mul.pdf, page is rotated 90 degrees> <./images/eff_vs_Z.pd
f, page is rotated 90 degrees>] (./Zanusso_TANS.aux)
 ***********
LaTeX2e <2023-11-01> patch level 1
L3 programming layer <2024-02-20>
 ***********


LaTeX Warning: There were multiply-defined labels.

Package rerunfilecheck Info: File `Zanusso_TANS.out' has not changed.
(rerunfilecheck)             Checksum: 378DE280CF3791D9EF169BFCBCFCFCD1;2504.
 ) 
Here is how much of TeX's memory you used:
 11652 strings out of 474116
 184793 string characters out of 5743681
 1937187 words of memory out of 5000000
 33823 multiletter control sequences out of 15000+600000
 566267 words of font info for 68 fonts, out of 8000000 for 9000
 1141 hyphenation exceptions out of 8191
 75i,11n,79p,681b,520s stack positions out of 10000i,1000n,20000p,200000b,200000s
</usr/local/texlive/2024/texmf-dist/fonts/type1/public/amsfonts/cm/cmbx10.pfb
></usr/local/texlive/2024/texmf-dist/fonts/type1/public/amsfonts/cm/cmbx12.pfb>
</usr/local/texlive/2024/texmf-dist/fonts/type1/public/amsfonts/cm/cmmi10.pfb><
/usr/local/texlive/2024/texmf-dist/fonts/type1/public/amsfonts/cm/cmmi12.pfb></
usr/local/texlive/2024/texmf-dist/fonts/type1/public/amsfonts/cm/cmmi5.pfb></us
r/local/texlive/2024/texmf-dist/fonts/type1/public/amsfonts/cm/cmmi7.pfb></usr/
local/texlive/2024/texmf-dist/fonts/type1/public/amsfonts/cm/cmmi8.pfb></usr/lo
cal/texlive/2024/texmf-dist/fonts/type1/public/amsfonts/cm/cmr10.pfb></usr/loca
l/texlive/2024/texmf-dist/fonts/type1/public/amsfonts/cm/cmr12.pfb></usr/local/
texlive/2024/texmf-dist/fonts/type1/public/amsfonts/cm/cmr17.pfb></usr/local/te
xlive/2024/texmf-dist/fonts/type1/public/amsfonts/cm/cmr8.pfb></usr/local/texli
ve/2024/texmf-dist/fonts/type1/public/amsfonts/cm/cmsy10.pfb></usr/local/texliv
e/2024/texmf-dist/fonts/type1/public/cm-super/sfrm1000.pfb>
Output written on Zanusso_TANS.pdf (11 pages, 548560 bytes).
PDF statistics:
 1378 PDF objects out of 1440 (max. 8388607)
 627 compressed objects within 7 object streams
 55 named destinations out of 1000 (max. 500000)
 270 words of extra memory for PDF output out of 10000 (max. 10000000)

